This is pdfTeX, Version 3.1415926-2.5-1.40.14 (MiKTeX 2.9) (preloaded format=latex 2014.10.1)  3 DEC 2014 10:09
entering extended mode
**text_styles.tex
("U:\git\COMP4Coursework\Latex Examples\text_styles.tex"
LaTeX2e <2014/05/01>
Babel <3.9l> and hyphenation patterns for 68 languages loaded.

! LaTeX Error: Missing \begin{document}.

See the LaTeX manual or LaTeX Companion for explanation.
Type  H <return>  for immediate help.
 ...                                              
                                                  
l.2 \textbf{hello world}
                        
? 
! Emergency stop.
 ...                                              
                                                  
l.2 \textbf{hello world}
                        
You're in trouble here.  Try typing  <return>  to proceed.
If that doesn't work, type  X <return>  to quit.

 
Here is how much of TeX's memory you used:
 8 strings out of 493706
 354 string characters out of 3142226
 52144 words of memory out of 3000000
 3428 multiletter control sequences out of 15000+200000
 3640 words of font info for 14 fonts, out of 3000000 for 9000
 1025 hyphenation exceptions out of 8191
 9i,0n,5p,39b,14s stack positions out of 5000i,500n,10000p,200000b,50000s
No pages of output.
